2021-06-23 15:08:16,836 INFO o.a.j.u.JMeterUtils: Setting Locale to en_EN
2021-06-23 15:08:16,904 INFO o.a.j.JMeter: Loading user properties from: /opt/local/share/jmeter/bin/user.properties
2021-06-23 15:08:16,906 INFO o.a.j.JMeter: Loading system properties from: /opt/local/share/jmeter/bin/system.properties
2021-06-23 15:08:16,937 INFO o.a.j.JMeter: Copyright (c) 1998-2021 The Apache Software Foundation
2021-06-23 15:08:16,937 INFO o.a.j.JMeter: Version 5.4.1
2021-06-23 15:08:16,937 INFO o.a.j.JMeter: java.version=1.8.0_221
2021-06-23 15:08:16,938 INFO o.a.j.JMeter: java.vm.name=Java HotSpot(TM) 64-Bit Server VM
2021-06-23 15:08:16,938 INFO o.a.j.JMeter: os.name=Mac OS X
2021-06-23 15:08:16,938 INFO o.a.j.JMeter: os.arch=x86_64
2021-06-23 15:08:16,938 INFO o.a.j.JMeter: os.version=10.15.7
2021-06-23 15:08:16,938 INFO o.a.j.JMeter: file.encoding=UTF-8
2021-06-23 15:08:16,939 INFO o.a.j.JMeter: java.awt.headless=null
2021-06-23 15:08:16,939 INFO o.a.j.JMeter: Max memory     =1073741824
2021-06-23 15:08:16,940 INFO o.a.j.JMeter: Available Processors =4
2021-06-23 15:08:16,955 INFO o.a.j.JMeter: Default Locale=English (EN)
2021-06-23 15:08:16,956 INFO o.a.j.JMeter: JMeter  Locale=English (EN)
2021-06-23 15:08:16,956 INFO o.a.j.JMeter: JMeterHome=/opt/local/share/jmeter
2021-06-23 15:08:16,956 INFO o.a.j.JMeter: user.dir  =/Users/alejandroimass/OVLoop/mastro-manucci
2021-06-23 15:08:16,956 INFO o.a.j.JMeter: PWD       =/Users/alejandroimass/OVLoop/mastro-manucci
2021-06-23 15:08:16,963 INFO o.a.j.JMeter: IP: 192.168.1.224 Name: AlejandrosAir8 FullName: alejandrosair8
2021-06-23 15:08:17,992 INFO o.a.j.JMeter: Setting LAF to: com.github.weisj.darklaf.DarkLaf:com.github.weisj.darklaf.theme.DarculaTheme
2021-06-23 15:08:21,566 INFO o.a.j.JMeter: Loaded icon properties from org/apache/jmeter/images/icon.properties
